<?xml version="1.0" encoding="UTF-8"?>
<!-- Generated by org.testng.reporters.JUnitReportReporter -->
<testsuite skipped="0" hostname="LAPTOP-JD7GGCD3" name="Logon" tests="1" failures="0" timestamp="2021-08-04T22:00:46 CST" time="0.008" errors="0">
  <testcase name="logon" time="0.008" classname="Logon"/>
</testsuite> <!-- Logon -->
